2025-07-14 18:37:25 [main] INFO  o.s.t.c.s.AnnotationConfigContextLoaderUtils - Could not detect default configuration classes for test class [com.microservices.twitter.TwitterServiceApplicationTest]: TwitterServiceApplicationTest does not declare any static, non-private, non-final, nested classes annotated with @Configuration.
2025-07-14 18:37:25 [main] INFO  o.s.b.t.c.SpringBootTestContextBootstrapper - Found @SpringBootConfiguration com.microservices.twitter.TwitterServiceApplication for test class com.microservices.twitter.TwitterServiceApplicationTest
2025-07-14 18:37:26 [main] WARN  o.s.b.t.j.DuplicateJsonObjectContextCustomizerFactory$DuplicateJsonObjectContextCustomizer - 

Found multiple occurrences of org.json.JSONObject on the class path:

	jar:file:/Users/luismaciasgonzalez/.m2/repository/com/vaadin/external/google/android-json/0.0.20131108.vaadin1/android-json-0.0.20131108.vaadin1.jar!/org/json/JSONObject.class
	jar:file:/Users/luismaciasgonzalez/.m2/repository/org/json/json/20220320/json-20220320.jar!/org/json/JSONObject.class

You may wish to exclude one of them to ensure predictable runtime behavior

2025-07-14 18:37:26 [main] INFO  c.m.t.TwitterServiceApplicationTest - Starting TwitterServiceApplicationTest using Java 21.0.7 with PID 2498 (started by luismaciasgonzalez in /Users/luismaciasgonzalez/Repos/microservices/twitter-service)
2025-07-14 18:37:26 [main] INFO  c.m.t.TwitterServiceApplicationTest - No active profile set, falling back to 1 default profile: "default"
2025-07-14 18:37:26 [main] INFO  c.m.t.TwitterServiceApplicationTest - Started TwitterServiceApplicationTest in 0.364 seconds (process running for 0.883)
2025-07-14 18:37:26 [main] INFO  c.m.t.TwitterServiceApplication - System starts...
2025-07-14 18:37:26 [main] INFO  c.m.t.r.impl.MockKafkaStreamRunner - Starting mock filtering twitter streams for keywords [Java, Microservices, Spring, Kafka, Elasticsearch]
2025-07-14 18:37:26 [pool-3-thread-1] INFO  c.m.t.l.TwitterStatusListener - Twitter status received: StatusJSONImpl{createdAt=Mon Jul 14 18:37:26 CST 2025, id=3176514958254091922, text='malesuada Lorem purus purus magna posuere massa Kafka posuere elit sit congue sed', source='null', isTruncated=false, inReplyToStatusId=-1, inReplyToUserId=-1, isFavorited=false, isRetweeted=false, favoriteCount=-1, inReplyToScreenName='null', geoLocation=null, place=null, retweetCount=-1, isPossiblySensitive=false, lang='null', contributorsIDs=[], retweetedStatus=null, userMentionEntities=[], urlEntities=[], hashtagEntities=[], mediaEntities=[], symbolEntities=[], currentUserRetweetId=-1, user=UserJSONImpl{id=1510045562494818083, name='null', email='null', screenName='null', location='null', description='null', isContributorsEnabled=false, profileImageUrl='null', profileImageUrlHttps='null', isDefaultProfileImage=false, url='null', isProtected=false, followersCount=-1, status=null, profileBackgroundColor='null', profileTextColor='null', profileLinkColor='null', profileSidebarFillColor='null', profileSidebarBorderColor='null', profileUseBackgroundImage=false, isDefaultProfile=false, showAllInlineMedia=false, friendsCount=-1, createdAt=null, favouritesCount=-1, utcOffset=-1, timeZone='null', profileBackgroundImageUrl='null', profileBackgroundImageUrlHttps='null', profileBackgroundTiled=false, lang='null', statusesCount=-1, isGeoEnabled=false, isVerified=false, translator=false, listedCount=-1, isFollowRequestSent=false, withheldInCountries=null}, withHeldInCountries=null, quotedStatusId=-1, quotedStatus=null}
2025-07-14 18:45:34 [main] INFO  o.s.t.c.s.AnnotationConfigContextLoaderUtils - Could not detect default configuration classes for test class [com.microservices.twitter.TwitterServiceApplicationTest]: TwitterServiceApplicationTest does not declare any static, non-private, non-final, nested classes annotated with @Configuration.
2025-07-14 18:45:34 [main] INFO  o.s.b.t.c.SpringBootTestContextBootstrapper - Found @SpringBootConfiguration com.microservices.twitter.TwitterServiceApplication for test class com.microservices.twitter.TwitterServiceApplicationTest
2025-07-14 18:45:35 [main] WARN  o.s.b.t.j.DuplicateJsonObjectContextCustomizerFactory$DuplicateJsonObjectContextCustomizer - 

Found multiple occurrences of org.json.JSONObject on the class path:

	jar:file:/Users/luismaciasgonzalez/.m2/repository/com/vaadin/external/google/android-json/0.0.20131108.vaadin1/android-json-0.0.20131108.vaadin1.jar!/org/json/JSONObject.class
	jar:file:/Users/luismaciasgonzalez/.m2/repository/org/json/json/20220320/json-20220320.jar!/org/json/JSONObject.class

You may wish to exclude one of them to ensure predictable runtime behavior

2025-07-14 18:45:35 [main] INFO  c.m.t.TwitterServiceApplicationTest - Starting TwitterServiceApplicationTest using Java 21.0.7 with PID 3009 (started by luismaciasgonzalez in /Users/luismaciasgonzalez/Repos/microservices/twitter-service)
2025-07-14 18:45:35 [main] INFO  c.m.t.TwitterServiceApplicationTest - No active profile set, falling back to 1 default profile: "default"
2025-07-14 18:45:35 [main] INFO  c.m.t.TwitterServiceApplicationTest - Started TwitterServiceApplicationTest in 0.364 seconds (process running for 0.857)
2025-07-14 18:45:35 [main] INFO  c.m.t.TwitterServiceApplication - System starts...
2025-07-14 18:45:35 [main] INFO  c.m.t.r.impl.MockKafkaStreamRunner - Starting mock filtering twitter streams for keywords [Java, Microservices, Spring, Kafka, Elasticsearch]
2025-07-14 18:45:35 [pool-3-thread-1] INFO  c.m.t.l.TwitterStatusListener - Twitter status received: StatusJSONImpl{createdAt=Mon Jul 14 18:45:35 CST 2025, id=7366677045308544130, text='ipsum sed congue adipiscing lectus consectetuer lectus ipsum Spring malesuada magna massa sit amet ultricies massa', source='null', isTruncated=false, inReplyToStatusId=-1, inReplyToUserId=-1, isFavorited=false, isRetweeted=false, favoriteCount=-1, inReplyToScreenName='null', geoLocation=null, place=null, retweetCount=-1, isPossiblySensitive=false, lang='null', contributorsIDs=[], retweetedStatus=null, userMentionEntities=[], urlEntities=[], hashtagEntities=[], mediaEntities=[], symbolEntities=[], currentUserRetweetId=-1, user=UserJSONImpl{id=832959459973558130, name='null', email='null', screenName='null', location='null', description='null', isContributorsEnabled=false, profileImageUrl='null', profileImageUrlHttps='null', isDefaultProfileImage=false, url='null', isProtected=false, followersCount=-1, status=null, profileBackgroundColor='null', profileTextColor='null', profileLinkColor='null', profileSidebarFillColor='null', profileSidebarBorderColor='null', profileUseBackgroundImage=false, isDefaultProfile=false, showAllInlineMedia=false, friendsCount=-1, createdAt=null, favouritesCount=-1, utcOffset=-1, timeZone='null', profileBackgroundImageUrl='null', profileBackgroundImageUrlHttps='null', profileBackgroundTiled=false, lang='null', statusesCount=-1, isGeoEnabled=false, isVerified=false, translator=false, listedCount=-1, isFollowRequestSent=false, withheldInCountries=null}, withHeldInCountries=null, quotedStatusId=-1, quotedStatus=null}
2025-07-14 18:46:57 [main] INFO  o.s.t.c.s.AnnotationConfigContextLoaderUtils - Could not detect default configuration classes for test class [com.microservices.twitter.TwitterServiceApplicationTest]: TwitterServiceApplicationTest does not declare any static, non-private, non-final, nested classes annotated with @Configuration.
2025-07-14 18:46:57 [main] INFO  o.s.b.t.c.SpringBootTestContextBootstrapper - Found @SpringBootConfiguration com.microservices.twitter.TwitterServiceApplication for test class com.microservices.twitter.TwitterServiceApplicationTest
2025-07-14 18:46:57 [main] WARN  o.s.b.t.j.DuplicateJsonObjectContextCustomizerFactory$DuplicateJsonObjectContextCustomizer - 

Found multiple occurrences of org.json.JSONObject on the class path:

	jar:file:/Users/luismaciasgonzalez/.m2/repository/com/vaadin/external/google/android-json/0.0.20131108.vaadin1/android-json-0.0.20131108.vaadin1.jar!/org/json/JSONObject.class
	jar:file:/Users/luismaciasgonzalez/.m2/repository/org/json/json/20220320/json-20220320.jar!/org/json/JSONObject.class

You may wish to exclude one of them to ensure predictable runtime behavior

2025-07-14 18:46:57 [main] INFO  c.m.t.TwitterServiceApplicationTest - Starting TwitterServiceApplicationTest using Java 21.0.7 with PID 3114 (started by luismaciasgonzalez in /Users/luismaciasgonzalez/Repos/microservices/twitter-service)
2025-07-14 18:46:57 [main] INFO  c.m.t.TwitterServiceApplicationTest - No active profile set, falling back to 1 default profile: "default"
2025-07-14 18:46:57 [main] INFO  c.m.t.TwitterServiceApplicationTest - Started TwitterServiceApplicationTest in 0.403 seconds (process running for 0.942)
2025-07-14 18:46:57 [main] INFO  c.m.t.TwitterServiceApplication - System starts...
2025-07-14 18:46:57 [main] INFO  c.m.t.r.impl.MockKafkaStreamRunner - Starting mock filtering twitter streams for keywords [Java, Microservices, Spring, Kafka, Elasticsearch]
2025-07-14 18:46:57 [pool-3-thread-1] INFO  c.m.t.l.TwitterStatusListener - Twitter status received: StatusJSONImpl{createdAt=Mon Jul 14 18:46:57 CST 2025, id=4585653363384652403, text='massa malesuada pulvinar congue magna Lorem Microservices congue purus elit consectetuer', source='null', isTruncated=false, inReplyToStatusId=-1, inReplyToUserId=-1, isFavorited=false, isRetweeted=false, favoriteCount=-1, inReplyToScreenName='null', geoLocation=null, place=null, retweetCount=-1, isPossiblySensitive=false, lang='null', contributorsIDs=[], retweetedStatus=null, userMentionEntities=[], urlEntities=[], hashtagEntities=[], mediaEntities=[], symbolEntities=[], currentUserRetweetId=-1, user=UserJSONImpl{id=8495775810217298451, name='null', email='null', screenName='null', location='null', description='null', isContributorsEnabled=false, profileImageUrl='null', profileImageUrlHttps='null', isDefaultProfileImage=false, url='null', isProtected=false, followersCount=-1, status=null, profileBackgroundColor='null', profileTextColor='null', profileLinkColor='null', profileSidebarFillColor='null', profileSidebarBorderColor='null', profileUseBackgroundImage=false, isDefaultProfile=false, showAllInlineMedia=false, friendsCount=-1, createdAt=null, favouritesCount=-1, utcOffset=-1, timeZone='null', profileBackgroundImageUrl='null', profileBackgroundImageUrlHttps='null', profileBackgroundTiled=false, lang='null', statusesCount=-1, isGeoEnabled=false, isVerified=false, translator=false, listedCount=-1, isFollowRequestSent=false, withheldInCountries=null}, withHeldInCountries=null, quotedStatusId=-1, quotedStatus=null}
2025-07-14 18:49:06 [main] INFO  o.s.t.c.s.AnnotationConfigContextLoaderUtils - Could not detect default configuration classes for test class [com.microservices.twitter.TwitterServiceApplicationTest]: TwitterServiceApplicationTest does not declare any static, non-private, non-final, nested classes annotated with @Configuration.
2025-07-14 18:49:06 [main] INFO  o.s.b.t.c.SpringBootTestContextBootstrapper - Found @SpringBootConfiguration com.microservices.twitter.TwitterServiceApplication for test class com.microservices.twitter.TwitterServiceApplicationTest
2025-07-14 18:49:07 [main] WARN  o.s.b.t.j.DuplicateJsonObjectContextCustomizerFactory$DuplicateJsonObjectContextCustomizer - 

Found multiple occurrences of org.json.JSONObject on the class path:

	jar:file:/Users/luismaciasgonzalez/.m2/repository/com/vaadin/external/google/android-json/0.0.20131108.vaadin1/android-json-0.0.20131108.vaadin1.jar!/org/json/JSONObject.class
	jar:file:/Users/luismaciasgonzalez/.m2/repository/org/json/json/20220320/json-20220320.jar!/org/json/JSONObject.class

You may wish to exclude one of them to ensure predictable runtime behavior

2025-07-14 18:49:07 [main] INFO  c.m.t.TwitterServiceApplicationTest - Starting TwitterServiceApplicationTest using Java 21.0.7 with PID 3288 (started by luismaciasgonzalez in /Users/luismaciasgonzalez/Repos/microservices/twitter-service)
2025-07-14 18:49:07 [main] INFO  c.m.t.TwitterServiceApplicationTest - No active profile set, falling back to 1 default profile: "default"
2025-07-14 18:49:07 [main] INFO  c.m.t.TwitterServiceApplicationTest - Started TwitterServiceApplicationTest in 0.349 seconds (process running for 0.833)
2025-07-14 18:49:07 [main] INFO  c.m.t.TwitterServiceApplication - System starts...
2025-07-14 18:49:07 [main] INFO  c.m.t.r.impl.MockKafkaStreamRunner - Starting mock filtering twitter streams for keywords [Java, Microservices, Spring, Kafka, Elasticsearch]
2025-07-14 18:49:07 [pool-3-thread-1] INFO  c.m.t.l.TwitterStatusListener - Twitter status received: StatusJSONImpl{createdAt=Mon Jul 14 18:49:07 CST 2025, id=13604215213911235, text='pulvinar ultricies sed lectus Elasticsearch Lorem ultricies', source='null', isTruncated=false, inReplyToStatusId=-1, inReplyToUserId=-1, isFavorited=false, isRetweeted=false, favoriteCount=-1, inReplyToScreenName='null', geoLocation=null, place=null, retweetCount=-1, isPossiblySensitive=false, lang='null', contributorsIDs=[], retweetedStatus=null, userMentionEntities=[], urlEntities=[], hashtagEntities=[], mediaEntities=[], symbolEntities=[], currentUserRetweetId=-1, user=UserJSONImpl{id=3115654310939751845, name='null', email='null', screenName='null', location='null', description='null', isContributorsEnabled=false, profileImageUrl='null', profileImageUrlHttps='null', isDefaultProfileImage=false, url='null', isProtected=false, followersCount=-1, status=null, profileBackgroundColor='null', profileTextColor='null', profileLinkColor='null', profileSidebarFillColor='null', profileSidebarBorderColor='null', profileUseBackgroundImage=false, isDefaultProfile=false, showAllInlineMedia=false, friendsCount=-1, createdAt=null, favouritesCount=-1, utcOffset=-1, timeZone='null', profileBackgroundImageUrl='null', profileBackgroundImageUrlHttps='null', profileBackgroundTiled=false, lang='null', statusesCount=-1, isGeoEnabled=false, isVerified=false, translator=false, listedCount=-1, isFollowRequestSent=false, withheldInCountries=null}, withHeldInCountries=null, quotedStatusId=-1, quotedStatus=null}
2025-07-14 18:50:09 [main] INFO  o.s.t.c.s.AnnotationConfigContextLoaderUtils - Could not detect default configuration classes for test class [com.microservices.twitter.TwitterServiceApplicationTest]: TwitterServiceApplicationTest does not declare any static, non-private, non-final, nested classes annotated with @Configuration.
2025-07-14 18:50:09 [main] INFO  o.s.b.t.c.SpringBootTestContextBootstrapper - Found @SpringBootConfiguration com.microservices.twitter.TwitterServiceApplication for test class com.microservices.twitter.TwitterServiceApplicationTest
2025-07-14 18:50:09 [main] WARN  o.s.b.t.j.DuplicateJsonObjectContextCustomizerFactory$DuplicateJsonObjectContextCustomizer - 

Found multiple occurrences of org.json.JSONObject on the class path:

	jar:file:/Users/luismaciasgonzalez/.m2/repository/com/vaadin/external/google/android-json/0.0.20131108.vaadin1/android-json-0.0.20131108.vaadin1.jar!/org/json/JSONObject.class
	jar:file:/Users/luismaciasgonzalez/.m2/repository/org/json/json/20220320/json-20220320.jar!/org/json/JSONObject.class

You may wish to exclude one of them to ensure predictable runtime behavior

2025-07-14 18:50:09 [main] INFO  c.m.t.TwitterServiceApplicationTest - Starting TwitterServiceApplicationTest using Java 21.0.7 with PID 3380 (started by luismaciasgonzalez in /Users/luismaciasgonzalez/Repos/microservices/twitter-service)
2025-07-14 18:50:09 [main] INFO  c.m.t.TwitterServiceApplicationTest - No active profile set, falling back to 1 default profile: "default"
2025-07-14 18:50:09 [main] INFO  c.m.t.TwitterServiceApplicationTest - Started TwitterServiceApplicationTest in 0.352 seconds (process running for 0.832)
2025-07-14 18:50:09 [main] INFO  c.m.t.TwitterServiceApplication - System starts...
2025-07-14 18:50:09 [main] INFO  c.m.t.r.impl.MockKafkaStreamRunner - Starting mock filtering twitter streams for keywords [Java, Microservices, Spring, Kafka, Elasticsearch]
2025-07-14 18:50:09 [pool-3-thread-1] INFO  c.m.t.l.TwitterStatusListener - Twitter status received: StatusJSONImpl{createdAt=Mon Jul 14 18:50:09 CST 2025, id=8295847320977913949, text='posuere Fusce adipiscing amet lectus pulvinar Fusce Microservices libero ipsum posuere lectus Fusce', source='null', isTruncated=false, inReplyToStatusId=-1, inReplyToUserId=-1, isFavorited=false, isRetweeted=false, favoriteCount=-1, inReplyToScreenName='null', geoLocation=null, place=null, retweetCount=-1, isPossiblySensitive=false, lang='null', contributorsIDs=[], retweetedStatus=null, userMentionEntities=[], urlEntities=[], hashtagEntities=[], mediaEntities=[], symbolEntities=[], currentUserRetweetId=-1, user=UserJSONImpl{id=3134379934447051372, name='null', email='null', screenName='null', location='null', description='null', isContributorsEnabled=false, profileImageUrl='null', profileImageUrlHttps='null', isDefaultProfileImage=false, url='null', isProtected=false, followersCount=-1, status=null, profileBackgroundColor='null', profileTextColor='null', profileLinkColor='null', profileSidebarFillColor='null', profileSidebarBorderColor='null', profileUseBackgroundImage=false, isDefaultProfile=false, showAllInlineMedia=false, friendsCount=-1, createdAt=null, favouritesCount=-1, utcOffset=-1, timeZone='null', profileBackgroundImageUrl='null', profileBackgroundImageUrlHttps='null', profileBackgroundTiled=false, lang='null', statusesCount=-1, isGeoEnabled=false, isVerified=false, translator=false, listedCount=-1, isFollowRequestSent=false, withheldInCountries=null}, withHeldInCountries=null, quotedStatusId=-1, quotedStatus=null}
2025-07-14 18:52:15 [main] INFO  o.s.t.c.s.AnnotationConfigContextLoaderUtils - Could not detect default configuration classes for test class [com.microservices.twitter.TwitterServiceApplicationTest]: TwitterServiceApplicationTest does not declare any static, non-private, non-final, nested classes annotated with @Configuration.
2025-07-14 18:52:15 [main] INFO  o.s.b.t.c.SpringBootTestContextBootstrapper - Found @SpringBootConfiguration com.microservices.twitter.TwitterServiceApplication for test class com.microservices.twitter.TwitterServiceApplicationTest
2025-07-14 18:52:15 [main] WARN  o.s.b.t.j.DuplicateJsonObjectContextCustomizerFactory$DuplicateJsonObjectContextCustomizer - 

Found multiple occurrences of org.json.JSONObject on the class path:

	jar:file:/Users/luismaciasgonzalez/.m2/repository/com/vaadin/external/google/android-json/0.0.20131108.vaadin1/android-json-0.0.20131108.vaadin1.jar!/org/json/JSONObject.class
	jar:file:/Users/luismaciasgonzalez/.m2/repository/org/json/json/20220320/json-20220320.jar!/org/json/JSONObject.class

You may wish to exclude one of them to ensure predictable runtime behavior

2025-07-14 18:52:15 [main] INFO  c.m.t.TwitterServiceApplicationTest - Starting TwitterServiceApplicationTest using Java 21.0.7 with PID 3545 (started by luismaciasgonzalez in /Users/luismaciasgonzalez/Repos/microservices/twitter-service)
2025-07-14 18:52:15 [main] INFO  c.m.t.TwitterServiceApplicationTest - No active profile set, falling back to 1 default profile: "default"
2025-07-14 18:52:15 [main] INFO  c.m.t.TwitterServiceApplicationTest - Started TwitterServiceApplicationTest in 0.349 seconds (process running for 0.83)
2025-07-14 18:52:15 [main] INFO  c.m.t.TwitterServiceApplication - System starts...
2025-07-14 18:52:15 [main] INFO  c.m.t.r.impl.MockKafkaStreamRunner - Starting mock filtering twitter streams for keywords [Java, Microservices, Spring, Kafka, Elasticsearch]
2025-07-14 18:52:15 [pool-3-thread-1] INFO  c.m.t.l.TwitterStatusListener - Twitter status received: StatusJSONImpl{createdAt=Mon Jul 14 18:52:15 CST 2025, id=943597348365676446, text='magna Maecenas amet massa amet Lorem Spring malesuada magna ultricies pulvinar', source='null', isTruncated=false, inReplyToStatusId=-1, inReplyToUserId=-1, isFavorited=false, isRetweeted=false, favoriteCount=-1, inReplyToScreenName='null', geoLocation=null, place=null, retweetCount=-1, isPossiblySensitive=false, lang='null', contributorsIDs=[], retweetedStatus=null, userMentionEntities=[], urlEntities=[], hashtagEntities=[], mediaEntities=[], symbolEntities=[], currentUserRetweetId=-1, user=UserJSONImpl{id=6135843547483063527, name='null', email='null', screenName='null', location='null', description='null', isContributorsEnabled=false, profileImageUrl='null', profileImageUrlHttps='null', isDefaultProfileImage=false, url='null', isProtected=false, followersCount=-1, status=null, profileBackgroundColor='null', profileTextColor='null', profileLinkColor='null', profileSidebarFillColor='null', profileSidebarBorderColor='null', profileUseBackgroundImage=false, isDefaultProfile=false, showAllInlineMedia=false, friendsCount=-1, createdAt=null, favouritesCount=-1, utcOffset=-1, timeZone='null', profileBackgroundImageUrl='null', profileBackgroundImageUrlHttps='null', profileBackgroundTiled=false, lang='null', statusesCount=-1, isGeoEnabled=false, isVerified=false, translator=false, listedCount=-1, isFollowRequestSent=false, withheldInCountries=null}, withHeldInCountries=null, quotedStatusId=-1, quotedStatus=null}
2025-07-14 18:58:17 [main] INFO  o.s.t.c.s.AnnotationConfigContextLoaderUtils - Could not detect default configuration classes for test class [com.microservices.twitter.TwitterServiceApplicationTest]: TwitterServiceApplicationTest does not declare any static, non-private, non-final, nested classes annotated with @Configuration.
2025-07-14 18:58:17 [main] INFO  o.s.b.t.c.SpringBootTestContextBootstrapper - Found @SpringBootConfiguration com.microservices.twitter.TwitterServiceApplication for test class com.microservices.twitter.TwitterServiceApplicationTest
2025-07-14 18:58:17 [main] WARN  o.s.b.t.j.DuplicateJsonObjectContextCustomizerFactory$DuplicateJsonObjectContextCustomizer - 

Found multiple occurrences of org.json.JSONObject on the class path:

	jar:file:/Users/luismaciasgonzalez/.m2/repository/com/vaadin/external/google/android-json/0.0.20131108.vaadin1/android-json-0.0.20131108.vaadin1.jar!/org/json/JSONObject.class
	jar:file:/Users/luismaciasgonzalez/.m2/repository/org/json/json/20220320/json-20220320.jar!/org/json/JSONObject.class

You may wish to exclude one of them to ensure predictable runtime behavior

2025-07-14 18:58:17 [main] INFO  c.m.t.TwitterServiceApplicationTest - Starting TwitterServiceApplicationTest using Java 21.0.7 with PID 3887 (started by luismaciasgonzalez in /Users/luismaciasgonzalez/Repos/microservices/twitter-service)
2025-07-14 18:58:17 [main] INFO  c.m.t.TwitterServiceApplicationTest - No active profile set, falling back to 1 default profile: "default"
2025-07-14 18:58:17 [main] INFO  c.m.t.TwitterServiceApplicationTest - Started TwitterServiceApplicationTest in 0.35 seconds (process running for 0.831)
2025-07-14 18:58:17 [main] INFO  c.m.t.TwitterServiceApplication - System starts...
2025-07-14 18:58:17 [main] INFO  c.m.t.r.impl.MockKafkaStreamRunner - Starting mock filtering twitter streams for keywords [Java, Microservices, Spring, Kafka, Elasticsearch]
2025-07-14 18:58:17 [pool-3-thread-1] INFO  c.m.t.l.TwitterStatusListener - Twitter status received: StatusJSONImpl{createdAt=Mon Jul 14 18:58:17 CST 2025, id=7988973104398207188, text='congue dolor ipsum malesuada Kafka magna posuere sit', source='null', isTruncated=false, inReplyToStatusId=-1, inReplyToUserId=-1, isFavorited=false, isRetweeted=false, favoriteCount=-1, inReplyToScreenName='null', geoLocation=null, place=null, retweetCount=-1, isPossiblySensitive=false, lang='null', contributorsIDs=[], retweetedStatus=null, userMentionEntities=[], urlEntities=[], hashtagEntities=[], mediaEntities=[], symbolEntities=[], currentUserRetweetId=-1, user=UserJSONImpl{id=2883211586214097781, name='null', email='null', screenName='null', location='null', description='null', isContributorsEnabled=false, profileImageUrl='null', profileImageUrlHttps='null', isDefaultProfileImage=false, url='null', isProtected=false, followersCount=-1, status=null, profileBackgroundColor='null', profileTextColor='null', profileLinkColor='null', profileSidebarFillColor='null', profileSidebarBorderColor='null', profileUseBackgroundImage=false, isDefaultProfile=false, showAllInlineMedia=false, friendsCount=-1, createdAt=null, favouritesCount=-1, utcOffset=-1, timeZone='null', profileBackgroundImageUrl='null', profileBackgroundImageUrlHttps='null', profileBackgroundTiled=false, lang='null', statusesCount=-1, isGeoEnabled=false, isVerified=false, translator=false, listedCount=-1, isFollowRequestSent=false, withheldInCountries=null}, withHeldInCountries=null, quotedStatusId=-1, quotedStatus=null}
